<?xml version="1.0" encoding="UTF-8"?>
<!-- Generated by org.testng.reporters.JUnitXMLReporter -->
<testsuite ignored="0" hostname="AA" failures="0" tests="3" name="Test" time="17.094" errors="0" timestamp="2025-07-09T13:28:49 BST">
  <testcase classname="testCases.TC004_SubmitDDT" name="SendMessage" time="4.528"/>
  <testcase classname="testCases.TC004_SubmitDDT" name="SendMessage" time="4.456"/>
  <testcase classname="testCases.TC004_SubmitDDT" name="SendMessage" time="4.478"/>
</testsuite> <!-- Test -->
