<?xml version="1.0" encoding="UTF-8"?>
<testng-results ignored="0" total="1" passed="1" failed="0" skipped="0">
  <reporter-output>
  </reporter-output>
  <suite started-at="2025-07-09T00:08:48 BST" name="Suite" finished-at="2025-07-09T00:09:15 BST" duration-ms="26805">
    <groups>
    </groups>
    <test started-at="2025-07-09T00:08:48 BST" name="Test" finished-at="2025-07-09T00:09:15 BST" duration-ms="26805">
      <class name="testCases.TC005_NegativeBookNowTest">
        <test-method is-config="true" signature="setup(java.lang.String,java.lang.String)[pri:0, instance:testCases.TC005_NegativeBookNowTest@7d20d0b]" started-at="2025-07-09T00:08:48 BST" name="setup" finished-at="2025-07-09T00:08:50 BST" duration-ms="2480" status="PASS">
          <params>
            <param index="0">
              <value>
                <![CDATA[Windows]]>
              </value>
            </param>
            <param index="1">
              <value>
                <![CDATA[Firefox]]>
              </value>
            </param>
          </params>
          <reporter-output>
          </reporter-output>
        </test-method> <!-- setup -->
        <test-method signature="verify_Reservation()[pri:0, instance:testCases.TC005_NegativeBookNowTest@7d20d0b]" started-at="2025-07-09T00:08:50 BST" name="verify_Reservation" finished-at="2025-07-09T00:09:15 BST" duration-ms="24302" status="PASS">
          <reporter-output>
          </reporter-output>
        </test-method> <!-- verify_Reservation -->
      </class> <!-- testCases.TC005_NegativeBookNowTest -->
    </test> <!-- Test -->
  </suite> <!-- Suite -->
</testng-results>
